2025-10-24 15:57:46,617 [INFO] pc_project: Starting data cleaning.
2025-10-24 15:57:46,617 [INFO] pc_project: Input shape: (137, 6)
2025-10-24 15:57:46,628 [INFO] pc_project: No NaN values detected in the dataset.
2025-10-24 15:57:46,632 [INFO] pc_project: did not drop any missing values.
2025-10-24 15:57:46,632 [INFO] pc_project: Data cleaning complete.
2025-10-24 15:57:46,632 [INFO] pc_project: Output shape: (137, 6)
2025-10-24 15:57:46,633 [INFO] pc_project: --------------------------------------------------
2025-10-24 15:57:46,635 [INFO] pc_project: Top values in 'entity_id':
entity_id
f001    28
f002    27
f003    27
f004    27
f005    27
2025-10-24 15:57:46,635 [INFO] pc_project: --------------------------------------------------
2025-10-24 15:57:46,636 [INFO] pc_project: Top values in 'entity_type':
entity_type
facility    137
2025-10-24 15:57:46,637 [INFO] pc_project: --------------------------------------------------
2025-10-24 15:57:46,641 [INFO] pc_project: Top values in 'cashflow_type':
cashflow_type
interest            79
principal_return    35
pik_interest        12
contribution         6
exit_fee             5
2025-10-24 15:57:46,642 [INFO] pc_project: --------------------------------------------------
2025-10-24 15:57:46,644 [INFO] pc_project: Top values in 'currency':
currency
usd    110
eur     27
2025-10-24 15:57:46,644 [INFO] pc_project: --------------------------------------------------
2025-10-24 15:57:46,645 [INFO] pc_project: Starting data cleaning.
2025-10-24 15:57:46,645 [INFO] pc_project: Input shape: (5, 10)
2025-10-24 15:57:46,664 [INFO] pc_project: Rows containing NaN values (showing up to 5):
facility_id  rate_type  spread_bps day_count  origination_fee_bps  OID_bps pik  amort_pct_per_qtr delayed_draw  fixed_rate_bps
       f001        NaN       450.0   act/360                  100      200  no                2.0           no             NaN
       f002        NaN       525.0   act/360                  125        0 yes                0.0          yes             NaN
       f003        NaN       700.0   act/360                  150      300 yes                0.0           no             NaN
       f004        NaN         NaN    30/360                    0        0  no                3.0           no           900.0
       f005        NaN       375.0   act/360                   75      100  no                1.5           no             NaN
2025-10-24 15:57:46,667 [WARNING] pc_project: Dropped 5 malformed rows with missing date or amount values.
2025-10-24 15:57:46,667 [INFO] pc_project: Data cleaning complete.
2025-10-24 15:57:46,667 [INFO] pc_project: Output shape: (0, 10)
2025-10-24 15:57:46,668 [INFO] pc_project: --------------------------------------------------
2025-10-24 15:57:46,669 [INFO] pc_project: Top values in 'facility_id':
Series([], )
2025-10-24 15:57:46,669 [INFO] pc_project: --------------------------------------------------
2025-10-24 15:57:46,671 [INFO] pc_project: Top values in 'rate_type':
Series([], )
2025-10-24 15:57:46,672 [INFO] pc_project: --------------------------------------------------
2025-10-24 15:57:46,675 [INFO] pc_project: Top values in 'day_count':
Series([], )
2025-10-24 15:57:46,675 [INFO] pc_project: --------------------------------------------------
2025-10-24 15:57:46,679 [INFO] pc_project: Top values in 'pik':
Series([], )
2025-10-24 15:57:46,679 [INFO] pc_project: --------------------------------------------------
2025-10-24 15:57:46,681 [INFO] pc_project: Top values in 'delayed_draw':
Series([], )
2025-10-24 15:57:46,681 [INFO] pc_project: --------------------------------------------------
2025-10-24 15:57:46,683 [INFO] pc_project: Applied cash flow sign convention.
2025-10-24 15:57:46,683 [INFO] pc_project:   • Negative cash flow types: ['contribution']
2025-10-24 15:57:46,684 [INFO] pc_project:   • Rows converted to negative: 6
2025-10-24 15:57:46,684 [INFO] pc_project:   • Rows converted to positive: 131
2025-10-24 15:57:46,689 [INFO] pc_project: ----------------------------------------------------------------------
2025-10-24 16:05:02,250 [INFO] pc_project: Starting data cleaning.
2025-10-24 16:05:02,252 [INFO] pc_project: Input shape: (137, 6)
2025-10-24 16:05:02,276 [INFO] pc_project: No NaN values detected in the dataset.
2025-10-24 16:05:02,285 [INFO] pc_project: Data cleaning complete.
2025-10-24 16:05:02,288 [INFO] pc_project: Output shape: (137, 6)
2025-10-24 16:05:02,290 [INFO] pc_project: --------------------------------------------------
2025-10-24 16:05:02,293 [INFO] pc_project: Top values in 'entity_id':
entity_id
f001    28
f002    27
f003    27
f004    27
f005    27
2025-10-24 16:05:02,294 [INFO] pc_project: --------------------------------------------------
2025-10-24 16:05:02,301 [INFO] pc_project: Top values in 'entity_type':
entity_type
facility    137
2025-10-24 16:05:02,303 [INFO] pc_project: --------------------------------------------------
2025-10-24 16:05:02,309 [INFO] pc_project: Top values in 'cashflow_type':
cashflow_type
interest            79
principal_return    35
pik_interest        12
contribution         6
exit_fee             5
2025-10-24 16:05:02,312 [INFO] pc_project: --------------------------------------------------
2025-10-24 16:05:02,317 [INFO] pc_project: Top values in 'currency':
currency
usd    110
eur     27
2025-10-24 16:05:02,318 [INFO] pc_project: --------------------------------------------------
2025-10-24 16:05:02,320 [INFO] pc_project: Starting data cleaning.
2025-10-24 16:05:02,321 [INFO] pc_project: Input shape: (5, 10)
2025-10-24 16:05:02,348 [INFO] pc_project: Rows containing NaN values (showing up to 5):
facility_id      rate_type  spread_bps day_count  origination_fee_bps  OID_bps pik  amort_pct_per_qtr delayed_draw  fixed_rate_bps
       f001    sofr+spread       450.0   act/360                  100      200  no                2.0           no             NaN
       f002    sofr+spread       525.0   act/360                  125        0 yes                0.0          yes             NaN
       f003    sofr+spread       700.0   act/360                  150      300 yes                0.0           no             NaN
       f004          fixed         NaN    30/360                    0        0  no                3.0           no           900.0
       f005 euribor+spread       375.0   act/360                   75      100  no                1.5           no             NaN
2025-10-24 16:05:02,353 [INFO] pc_project: Data cleaning complete.
2025-10-24 16:05:02,354 [INFO] pc_project: Output shape: (5, 10)
2025-10-24 16:05:02,355 [INFO] pc_project: --------------------------------------------------
2025-10-24 16:05:02,358 [INFO] pc_project: Top values in 'facility_id':
facility_id
f001    1
f002    1
f003    1
f004    1
f005    1
2025-10-24 16:05:02,359 [INFO] pc_project: --------------------------------------------------
2025-10-24 16:05:02,362 [INFO] pc_project: Top values in 'rate_type':
rate_type
sofr+spread       3
fixed             1
euribor+spread    1
2025-10-24 16:05:02,363 [INFO] pc_project: --------------------------------------------------
2025-10-24 16:05:02,365 [INFO] pc_project: Top values in 'day_count':
day_count
act/360    4
30/360     1
2025-10-24 16:05:02,366 [INFO] pc_project: --------------------------------------------------
2025-10-24 16:05:02,369 [INFO] pc_project: Top values in 'pik':
pik
no     3
yes    2
2025-10-24 16:05:02,371 [INFO] pc_project: --------------------------------------------------
2025-10-24 16:05:02,408 [INFO] pc_project: Top values in 'delayed_draw':
delayed_draw
no     4
yes    1
2025-10-24 16:05:02,415 [INFO] pc_project: --------------------------------------------------
2025-10-24 16:05:02,420 [INFO] pc_project: Applied cash flow sign convention.
2025-10-24 16:05:02,430 [INFO] pc_project:   • Negative cash flow types: ['contribution']
2025-10-24 16:05:02,441 [INFO] pc_project:   • Rows converted to negative: 6
2025-10-24 16:05:02,442 [INFO] pc_project:   • Rows converted to positive: 131
2025-10-24 16:05:02,449 [INFO] pc_project: ----------------------------------------------------------------------
2025-10-24 16:11:13,769 [INFO] pc_project: Starting data cleaning.
2025-10-24 16:11:13,770 [INFO] pc_project: Input shape: (137, 6)
2025-10-24 16:11:13,785 [INFO] pc_project: No NaN values detected in the dataset.
2025-10-24 16:11:13,790 [INFO] pc_project: Data cleaning complete.
2025-10-24 16:11:13,791 [INFO] pc_project: Output shape: (137, 6)
2025-10-24 16:11:13,792 [INFO] pc_project: --------------------------------------------------
2025-10-24 16:11:13,795 [INFO] pc_project: Top values in 'entity_id':
entity_id
f001    28
f002    27
f003    27
f004    27
f005    27
2025-10-24 16:11:13,795 [INFO] pc_project: --------------------------------------------------
2025-10-24 16:11:13,798 [INFO] pc_project: Top values in 'entity_type':
entity_type
facility    137
2025-10-24 16:11:13,799 [INFO] pc_project: --------------------------------------------------
2025-10-24 16:11:13,802 [INFO] pc_project: Top values in 'cashflow_type':
cashflow_type
interest            79
principal_return    35
pik_interest        12
contribution         6
exit_fee             5
2025-10-24 16:11:13,804 [INFO] pc_project: --------------------------------------------------
2025-10-24 16:11:13,807 [INFO] pc_project: Top values in 'currency':
currency
usd    110
eur     27
2025-10-24 16:11:13,808 [INFO] pc_project: --------------------------------------------------
2025-10-24 16:11:13,809 [INFO] pc_project: Starting data cleaning.
2025-10-24 16:11:13,810 [INFO] pc_project: Input shape: (5, 10)
2025-10-24 16:11:13,832 [INFO] pc_project: Rows containing NaN values (showing up to 5):
facility_id      rate_type  spread_bps day_count  origination_fee_bps  OID_bps pik  amort_pct_per_qtr delayed_draw  fixed_rate_bps
       f001    sofr+spread       450.0   act/360                  100      200  no                2.0           no             NaN
       f002    sofr+spread       525.0   act/360                  125        0 yes                0.0          yes             NaN
       f003    sofr+spread       700.0   act/360                  150      300 yes                0.0           no             NaN
       f004          fixed         NaN    30/360                    0        0  no                3.0           no           900.0
       f005 euribor+spread       375.0   act/360                   75      100  no                1.5           no             NaN
2025-10-24 16:11:13,838 [INFO] pc_project: Data cleaning complete.
2025-10-24 16:11:13,839 [INFO] pc_project: Output shape: (5, 10)
2025-10-24 16:11:13,840 [INFO] pc_project: --------------------------------------------------
2025-10-24 16:11:13,842 [INFO] pc_project: Top values in 'facility_id':
facility_id
f001    1
f002    1
f003    1
f004    1
f005    1
2025-10-24 16:11:13,843 [INFO] pc_project: --------------------------------------------------
2025-10-24 16:11:13,845 [INFO] pc_project: Top values in 'rate_type':
rate_type
sofr+spread       3
fixed             1
euribor+spread    1
2025-10-24 16:11:13,847 [INFO] pc_project: --------------------------------------------------
2025-10-24 16:11:13,850 [INFO] pc_project: Top values in 'day_count':
day_count
act/360    4
30/360     1
2025-10-24 16:11:13,851 [INFO] pc_project: --------------------------------------------------
2025-10-24 16:11:13,854 [INFO] pc_project: Top values in 'pik':
pik
no     3
yes    2
2025-10-24 16:11:13,855 [INFO] pc_project: --------------------------------------------------
2025-10-24 16:11:13,857 [INFO] pc_project: Top values in 'delayed_draw':
delayed_draw
no     4
yes    1
2025-10-24 16:11:13,858 [INFO] pc_project: --------------------------------------------------
2025-10-24 16:11:13,860 [INFO] pc_project: Applied cash flow sign convention.
2025-10-24 16:11:13,861 [INFO] pc_project:   • Negative cash flow types: ['contribution']
2025-10-24 16:11:13,862 [INFO] pc_project:   • Rows converted to negative: 6
2025-10-24 16:11:13,863 [INFO] pc_project:   • Rows converted to positive: 131
2025-10-24 16:11:13,868 [INFO] pc_project: ----------------------------------------------------------------------
2025-10-24 16:11:30,967 [INFO] pc_project: Starting data cleaning.
2025-10-24 16:11:30,967 [INFO] pc_project: Input shape: (137, 6)
2025-10-24 16:11:30,979 [INFO] pc_project: No NaN values detected in the dataset.
2025-10-24 16:11:30,982 [INFO] pc_project: Data cleaning complete.
2025-10-24 16:11:30,983 [INFO] pc_project: Output shape: (137, 6)
2025-10-24 16:11:30,985 [INFO] pc_project: --------------------------------------------------
2025-10-24 16:11:30,988 [INFO] pc_project: Top values in 'entity_id':
entity_id
f001    28
f002    27
f003    27
f004    27
f005    27
2025-10-24 16:11:30,989 [INFO] pc_project: --------------------------------------------------
2025-10-24 16:11:30,991 [INFO] pc_project: Top values in 'entity_type':
entity_type
facility    137
2025-10-24 16:11:30,992 [INFO] pc_project: --------------------------------------------------
2025-10-24 16:11:30,995 [INFO] pc_project: Top values in 'cashflow_type':
cashflow_type
interest            79
principal_return    35
pik_interest        12
contribution         6
exit_fee             5
2025-10-24 16:11:30,995 [INFO] pc_project: --------------------------------------------------
2025-10-24 16:11:30,998 [INFO] pc_project: Top values in 'currency':
currency
usd    110
eur     27
2025-10-24 16:11:30,999 [INFO] pc_project: --------------------------------------------------
2025-10-24 16:11:31,001 [INFO] pc_project: Starting data cleaning.
2025-10-24 16:11:31,002 [INFO] pc_project: Input shape: (5, 10)
2025-10-24 16:11:31,018 [INFO] pc_project: No NaN values detected in the dataset.
2025-10-24 16:11:31,020 [INFO] pc_project: Data cleaning complete.
2025-10-24 16:11:31,021 [INFO] pc_project: Output shape: (5, 10)
2025-10-24 16:11:31,022 [INFO] pc_project: --------------------------------------------------
2025-10-24 16:11:31,024 [INFO] pc_project: Top values in 'facility_id':
facility_id
f001    1
f002    1
f003    1
f004    1
f005    1
2025-10-24 16:11:31,025 [INFO] pc_project: --------------------------------------------------
2025-10-24 16:11:31,028 [INFO] pc_project: Top values in 'rate_type':
rate_type
sofr+spread       3
fixed             1
euribor+spread    1
2025-10-24 16:11:31,030 [INFO] pc_project: --------------------------------------------------
2025-10-24 16:11:31,032 [INFO] pc_project: Top values in 'day_count':
day_count
act/360    4
30/360     1
2025-10-24 16:11:31,033 [INFO] pc_project: --------------------------------------------------
2025-10-24 16:11:31,035 [INFO] pc_project: Top values in 'pik':
pik
no     3
yes    2
2025-10-24 16:11:31,037 [INFO] pc_project: --------------------------------------------------
2025-10-24 16:11:31,039 [INFO] pc_project: Top values in 'delayed_draw':
delayed_draw
no     4
yes    1
2025-10-24 16:11:31,040 [INFO] pc_project: --------------------------------------------------
2025-10-24 16:11:31,043 [INFO] pc_project: Applied cash flow sign convention.
2025-10-24 16:11:31,045 [INFO] pc_project:   • Negative cash flow types: ['contribution']
2025-10-24 16:11:31,047 [INFO] pc_project:   • Rows converted to negative: 6
2025-10-24 16:11:31,048 [INFO] pc_project:   • Rows converted to positive: 131
2025-10-24 16:11:31,053 [INFO] pc_project: ----------------------------------------------------------------------
2025-10-25 10:50:32,874 [INFO] pc_project: Starting data cleaning.
2025-10-25 10:50:32,877 [INFO] pc_project: Input shape: (137, 6)
2025-10-25 10:50:32,913 [INFO] pc_project: No NaN values detected in the dataset.
2025-10-25 10:50:32,923 [INFO] pc_project: Data cleaning complete.
2025-10-25 10:50:32,924 [INFO] pc_project: Output shape: (137, 6)
2025-10-25 10:50:32,925 [INFO] pc_project: --------------------------------------------------
2025-10-25 10:50:32,934 [INFO] pc_project: Top values in 'entity_id':
entity_id
f001    28
f002    27
f003    27
f004    27
f005    27
2025-10-25 10:50:32,936 [INFO] pc_project: --------------------------------------------------
2025-10-25 10:50:32,940 [INFO] pc_project: Top values in 'entity_type':
entity_type
facility    137
2025-10-25 10:50:32,941 [INFO] pc_project: --------------------------------------------------
2025-10-25 10:50:32,943 [INFO] pc_project: Top values in 'cashflow_type':
cashflow_type
interest            79
principal_return    35
pik_interest        12
contribution         6
exit_fee             5
2025-10-25 10:50:32,944 [INFO] pc_project: --------------------------------------------------
2025-10-25 10:50:32,947 [INFO] pc_project: Top values in 'currency':
currency
usd    110
eur     27
2025-10-25 10:50:32,949 [INFO] pc_project: --------------------------------------------------
2025-10-25 10:50:32,951 [INFO] pc_project: Starting data cleaning.
2025-10-25 10:50:32,953 [INFO] pc_project: Input shape: (5, 10)
2025-10-25 10:50:32,981 [INFO] pc_project: No NaN values detected in the dataset.
2025-10-25 10:50:32,987 [INFO] pc_project: Data cleaning complete.
2025-10-25 10:50:32,988 [INFO] pc_project: Output shape: (5, 10)
2025-10-25 10:50:32,989 [INFO] pc_project: --------------------------------------------------
2025-10-25 10:50:32,991 [INFO] pc_project: Top values in 'facility_id':
facility_id
f001    1
f002    1
f003    1
f004    1
f005    1
2025-10-25 10:50:32,993 [INFO] pc_project: --------------------------------------------------
2025-10-25 10:50:32,995 [INFO] pc_project: Top values in 'rate_type':
rate_type
sofr+spread       3
fixed             1
euribor+spread    1
2025-10-25 10:50:32,996 [INFO] pc_project: --------------------------------------------------
2025-10-25 10:50:32,999 [INFO] pc_project: Top values in 'day_count':
day_count
act/360    4
30/360     1
2025-10-25 10:50:32,999 [INFO] pc_project: --------------------------------------------------
2025-10-25 10:50:33,004 [INFO] pc_project: Top values in 'pik':
pik
no     3
yes    2
2025-10-25 10:50:33,005 [INFO] pc_project: --------------------------------------------------
2025-10-25 10:50:33,008 [INFO] pc_project: Top values in 'delayed_draw':
delayed_draw
no     4
yes    1
2025-10-25 10:50:33,009 [INFO] pc_project: --------------------------------------------------
2025-10-25 10:50:33,015 [INFO] pc_project: Applied cash flow sign convention.
2025-10-25 10:50:33,016 [INFO] pc_project:   • Negative cash flow types: ['contribution']
2025-10-25 10:50:33,017 [INFO] pc_project:   • Rows converted to negative: 6
2025-10-25 10:50:33,018 [INFO] pc_project:   • Rows converted to positive: 131
2025-10-25 10:50:33,057 [INFO] pc_project: ----------------------------------------------------------------------
2025-10-25 10:56:12,139 [INFO] pc_project: Starting data cleaning.
2025-10-25 10:56:12,141 [INFO] pc_project: Input shape: (137, 6)
2025-10-25 10:56:12,162 [INFO] pc_project: No NaN values detected in the dataset.
2025-10-25 10:56:12,170 [INFO] pc_project: Data cleaning complete.
2025-10-25 10:56:12,173 [INFO] pc_project: Output shape: (137, 6)
2025-10-25 10:56:12,175 [INFO] pc_project: --------------------------------------------------
2025-10-25 10:56:12,180 [INFO] pc_project: Top values in 'entity_id':
entity_id
f001    28
f002    27
f003    27
f004    27
f005    27
2025-10-25 10:56:12,183 [INFO] pc_project: --------------------------------------------------
2025-10-25 10:56:12,187 [INFO] pc_project: Top values in 'entity_type':
entity_type
facility    137
2025-10-25 10:56:12,189 [INFO] pc_project: --------------------------------------------------
2025-10-25 10:56:12,193 [INFO] pc_project: Top values in 'cashflow_type':
cashflow_type
interest            79
principal_return    35
pik_interest        12
contribution         6
exit_fee             5
2025-10-25 10:56:12,194 [INFO] pc_project: --------------------------------------------------
2025-10-25 10:56:12,199 [INFO] pc_project: Top values in 'currency':
currency
usd    110
eur     27
2025-10-25 10:56:12,201 [INFO] pc_project: --------------------------------------------------
2025-10-25 10:56:12,207 [INFO] pc_project: Applied cash flow sign convention.
2025-10-25 10:56:12,208 [INFO] pc_project:   • Negative cash flow types: ['contribution']
2025-10-25 10:56:12,209 [INFO] pc_project:   • Rows converted to negative: 6
2025-10-25 10:56:12,209 [INFO] pc_project:   • Rows converted to positive: 131
2025-10-25 10:56:12,221 [INFO] pc_project: ----------------------------------------------------------------------
2025-10-25 10:56:12,222 [INFO] pc_project: Starting data cleaning.
2025-10-25 10:56:12,224 [INFO] pc_project: Input shape: (5, 10)
2025-10-25 10:56:12,245 [INFO] pc_project: No NaN values detected in the dataset.
2025-10-25 10:56:12,250 [INFO] pc_project: Data cleaning complete.
2025-10-25 10:56:12,250 [INFO] pc_project: Output shape: (5, 10)
2025-10-25 10:56:12,252 [INFO] pc_project: --------------------------------------------------
2025-10-25 10:56:12,257 [INFO] pc_project: Top values in 'facility_id':
facility_id
f001    1
f002    1
f003    1
f004    1
f005    1
2025-10-25 10:56:12,258 [INFO] pc_project: --------------------------------------------------
2025-10-25 10:56:12,260 [INFO] pc_project: Top values in 'rate_type':
rate_type
sofr+spread       3
fixed             1
euribor+spread    1
2025-10-25 10:56:12,261 [INFO] pc_project: --------------------------------------------------
2025-10-25 10:56:12,263 [INFO] pc_project: Top values in 'day_count':
day_count
act/360    4
30/360     1
2025-10-25 10:56:12,265 [INFO] pc_project: --------------------------------------------------
2025-10-25 10:56:12,268 [INFO] pc_project: Top values in 'pik':
pik
no     3
yes    2
2025-10-25 10:56:12,269 [INFO] pc_project: --------------------------------------------------
2025-10-25 10:56:12,273 [INFO] pc_project: Top values in 'delayed_draw':
delayed_draw
no     4
yes    1
2025-10-25 10:56:12,274 [INFO] pc_project: --------------------------------------------------
2025-10-25 10:56:12,275 [INFO] pc_project: Starting data cleaning.
2025-10-25 10:56:12,275 [INFO] pc_project: Input shape: (48, 3)
2025-10-25 10:56:12,285 [INFO] pc_project: No NaN values detected in the dataset.
2025-10-25 10:56:12,290 [INFO] pc_project: Data cleaning complete.
2025-10-25 10:56:12,290 [INFO] pc_project: Output shape: (48, 3)
2025-10-25 10:56:12,291 [INFO] pc_project: --------------------------------------------------
2025-10-25 10:56:12,293 [INFO] pc_project: Top values in 'curve':
curve
sofr       23
euribor    23
eurib0r     1
s0fr        1
2025-10-25 10:56:12,294 [INFO] pc_project: --------------------------------------------------
2025-10-25 11:11:19,948 [INFO] pc_project: Starting data cleaning.
2025-10-25 11:11:19,950 [INFO] pc_project: Input shape: (137, 6)
2025-10-25 11:11:19,976 [INFO] pc_project: No NaN values detected in the dataset.
2025-10-25 11:11:19,984 [INFO] pc_project: Data cleaning complete.
2025-10-25 11:11:19,986 [INFO] pc_project: Output shape: (137, 6)
2025-10-25 11:11:19,988 [INFO] pc_project: --------------------------------------------------
2025-10-25 11:11:19,998 [INFO] pc_project: Top values in 'entity_id':
entity_id
f001    28
f002    27
f003    27
f004    27
f005    27
2025-10-25 11:11:20,000 [INFO] pc_project: --------------------------------------------------
2025-10-25 11:11:20,007 [INFO] pc_project: Top values in 'entity_type':
entity_type
facility    137
2025-10-25 11:11:20,009 [INFO] pc_project: --------------------------------------------------
2025-10-25 11:11:20,018 [INFO] pc_project: Top values in 'cashflow_type':
cashflow_type
interest            79
principal_return    35
pik_interest        12
contribution         6
exit_fee             5
2025-10-25 11:11:20,022 [INFO] pc_project: --------------------------------------------------
2025-10-25 11:11:20,029 [INFO] pc_project: Top values in 'currency':
currency
usd    110
eur     27
2025-10-25 11:11:20,031 [INFO] pc_project: --------------------------------------------------
2025-10-25 11:11:20,035 [INFO] pc_project: Applied cash flow sign convention.
2025-10-25 11:11:20,037 [INFO] pc_project:   • Negative cash flow types: ['contribution']
2025-10-25 11:11:20,037 [INFO] pc_project:   • Rows converted to negative: 6
2025-10-25 11:11:20,040 [INFO] pc_project:   • Rows converted to positive: 131
2025-10-25 11:11:20,052 [INFO] pc_project: ----------------------------------------------------------------------
2025-10-25 11:11:20,053 [INFO] pc_project: Starting data cleaning.
2025-10-25 11:11:20,054 [INFO] pc_project: Input shape: (5, 10)
2025-10-25 11:11:20,084 [INFO] pc_project: No NaN values detected in the dataset.
2025-10-25 11:11:20,089 [INFO] pc_project: Data cleaning complete.
2025-10-25 11:11:20,089 [INFO] pc_project: Output shape: (5, 10)
2025-10-25 11:11:20,090 [INFO] pc_project: --------------------------------------------------
2025-10-25 11:11:20,096 [INFO] pc_project: Top values in 'facility_id':
facility_id
f001    1
f002    1
f003    1
f004    1
f005    1
2025-10-25 11:11:20,097 [INFO] pc_project: --------------------------------------------------
2025-10-25 11:11:20,100 [INFO] pc_project: Top values in 'rate_type':
rate_type
sofr+spread       3
fixed             1
euribor+spread    1
2025-10-25 11:11:20,101 [INFO] pc_project: --------------------------------------------------
2025-10-25 11:11:20,103 [INFO] pc_project: Top values in 'day_count':
day_count
act/360    4
30/360     1
2025-10-25 11:11:20,104 [INFO] pc_project: --------------------------------------------------
2025-10-25 11:11:20,108 [INFO] pc_project: Top values in 'pik':
pik
no     3
yes    2
2025-10-25 11:11:20,109 [INFO] pc_project: --------------------------------------------------
2025-10-25 11:11:20,114 [INFO] pc_project: Top values in 'delayed_draw':
delayed_draw
no     4
yes    1
2025-10-25 11:11:20,115 [INFO] pc_project: --------------------------------------------------
2025-10-25 11:11:20,115 [INFO] pc_project: Starting data cleaning.
2025-10-25 11:11:20,116 [INFO] pc_project: Input shape: (48, 3)
2025-10-25 11:11:20,128 [INFO] pc_project: No NaN values detected in the dataset.
2025-10-25 11:11:20,134 [INFO] pc_project: Data cleaning complete.
2025-10-25 11:11:20,135 [INFO] pc_project: Output shape: (48, 3)
2025-10-25 11:11:20,136 [INFO] pc_project: --------------------------------------------------
2025-10-25 11:11:20,139 [INFO] pc_project: Top values in 'curve':
curve
sofr       23
euribor    23
eurib0r     1
s0fr        1
2025-10-25 11:11:20,140 [INFO] pc_project: --------------------------------------------------
2025-10-25 11:11:20,147 [INFO] pc_project: Starting curve cleaning process...
2025-10-25 11:11:20,161 [INFO] pc_project: Curve cleaning completed — 2 values modified.
2025-10-25 11:13:59,153 [INFO] pc_project: Starting data cleaning.
2025-10-25 11:13:59,153 [INFO] pc_project: Input shape: (137, 6)
2025-10-25 11:13:59,181 [INFO] pc_project: No NaN values detected in the dataset.
2025-10-25 11:13:59,195 [INFO] pc_project: Data cleaning complete.
2025-10-25 11:13:59,195 [INFO] pc_project: Output shape: (137, 6)
2025-10-25 11:13:59,195 [INFO] pc_project: --------------------------------------------------
2025-10-25 11:13:59,206 [INFO] pc_project: Top values in 'entity_id':
entity_id
f001    28
f002    27
f003    27
f004    27
f005    27
2025-10-25 11:13:59,207 [INFO] pc_project: --------------------------------------------------
2025-10-25 11:13:59,211 [INFO] pc_project: Top values in 'entity_type':
entity_type
facility    137
2025-10-25 11:13:59,211 [INFO] pc_project: --------------------------------------------------
2025-10-25 11:13:59,221 [INFO] pc_project: Top values in 'cashflow_type':
cashflow_type
interest            79
principal_return    35
pik_interest        12
contribution         6
exit_fee             5
2025-10-25 11:13:59,221 [INFO] pc_project: --------------------------------------------------
2025-10-25 11:13:59,221 [INFO] pc_project: Top values in 'currency':
currency
usd    110
eur     27
2025-10-25 11:13:59,231 [INFO] pc_project: --------------------------------------------------
2025-10-25 11:13:59,234 [INFO] pc_project: Applied cash flow sign convention.
2025-10-25 11:13:59,234 [INFO] pc_project:   • Negative cash flow types: ['contribution']
2025-10-25 11:13:59,234 [INFO] pc_project:   • Rows converted to negative: 6
2025-10-25 11:13:59,238 [INFO] pc_project:   • Rows converted to positive: 131
2025-10-25 11:13:59,251 [INFO] pc_project: ----------------------------------------------------------------------
2025-10-25 11:13:59,371 [INFO] pc_project: Starting data cleaning.
2025-10-25 11:13:59,422 [INFO] pc_project: Input shape: (5, 10)
2025-10-25 11:13:59,526 [INFO] pc_project: No NaN values detected in the dataset.
2025-10-25 11:13:59,530 [INFO] pc_project: Data cleaning complete.
2025-10-25 11:13:59,531 [INFO] pc_project: Output shape: (5, 10)
2025-10-25 11:13:59,531 [INFO] pc_project: --------------------------------------------------
2025-10-25 11:13:59,535 [INFO] pc_project: Top values in 'facility_id':
facility_id
f001    1
f002    1
f003    1
f004    1
f005    1
2025-10-25 11:13:59,535 [INFO] pc_project: --------------------------------------------------
2025-10-25 11:13:59,539 [INFO] pc_project: Top values in 'rate_type':
rate_type
sofr+spread       3
fixed             1
euribor+spread    1
2025-10-25 11:13:59,540 [INFO] pc_project: --------------------------------------------------
2025-10-25 11:13:59,542 [INFO] pc_project: Top values in 'day_count':
day_count
act/360    4
30/360     1
2025-10-25 11:13:59,544 [INFO] pc_project: --------------------------------------------------
2025-10-25 11:13:59,547 [INFO] pc_project: Top values in 'pik':
pik
no     3
yes    2
2025-10-25 11:13:59,547 [INFO] pc_project: --------------------------------------------------
2025-10-25 11:13:59,550 [INFO] pc_project: Top values in 'delayed_draw':
delayed_draw
no     4
yes    1
2025-10-25 11:13:59,551 [INFO] pc_project: --------------------------------------------------
2025-10-25 11:13:59,551 [INFO] pc_project: Starting data cleaning.
2025-10-25 11:13:59,552 [INFO] pc_project: Input shape: (48, 3)
2025-10-25 11:13:59,585 [INFO] pc_project: No NaN values detected in the dataset.
2025-10-25 11:13:59,605 [INFO] pc_project: Data cleaning complete.
2025-10-25 11:13:59,606 [INFO] pc_project: Output shape: (48, 3)
2025-10-25 11:13:59,607 [INFO] pc_project: --------------------------------------------------
2025-10-25 11:13:59,610 [INFO] pc_project: Top values in 'curve':
curve
sofr       23
euribor    23
eurib0r     1
s0fr        1
2025-10-25 11:13:59,610 [INFO] pc_project: --------------------------------------------------
2025-10-25 11:13:59,611 [INFO] pc_project: Starting curve cleaning process...
2025-10-25 11:13:59,625 [INFO] pc_project: Curve cleaning completed — 2 values modified.
2025-10-25 11:13:59,627 [INFO] pc_project: curve data after cleaned curve
sofr       24
euribor    24
Name: count, dtype: int64
